2024-12-29T06:52:08.249-08:00  INFO 14729 --- [nobsv2] [main] com.example.nobsv2.Nobsv2Application     : Starting Nobsv2Application using Java 17.0.13 with PID 14729 (/Users/vergara/Documents/spring-boot/nobsv2/nobsv2/target/classes started by vergara in /Users/vergara/Documents/spring-boot/nobsv2/nobsv2)
2024-12-29T06:52:08.251-08:00  INFO 14729 --- [nobsv2] [main] com.example.nobsv2.Nobsv2Application     : No active profile set, falling back to 1 default profile: "default"
2024-12-29T06:52:08.611-08:00  INFO 14729 --- [nobsv2] [main] .s.d.r.c.RepositoryConfigurationDelegate : Bootstrapping Spring Data JPA repositories in DEFAULT mode.
2024-12-29T06:52:08.647-08:00  INFO 14729 --- [nobsv2] [main] .s.d.r.c.RepositoryConfigurationDelegate : Finished Spring Data repository scanning in 31 ms. Found 2 JPA repository interfaces.
2024-12-29T06:52:08.930-08:00  INFO 14729 --- [nobsv2] [main] o.s.b.w.embedded.tomcat.TomcatWebServer  : Tomcat initialized with port 8080 (http)
2024-12-29T06:52:08.937-08:00  INFO 14729 --- [nobsv2] [main] o.apache.catalina.core.StandardService   : Starting service [Tomcat]
2024-12-29T06:52:08.937-08:00  INFO 14729 --- [nobsv2] [main] o.apache.catalina.core.StandardEngine    : Starting Servlet engine: [Apache Tomcat/10.1.34]
2024-12-29T06:52:08.962-08:00  INFO 14729 --- [nobsv2] [main] o.a.c.c.C.[Tomcat].[localhost].[/]       : Initializing Spring embedded WebApplicationContext
2024-12-29T06:52:08.962-08:00  INFO 14729 --- [nobsv2] [main] w.s.c.ServletWebServerApplicationContext : Root WebApplicationContext: initialization completed in 683 ms
2024-12-29T06:52:09.024-08:00  INFO 14729 --- [nobsv2] [main] com.zaxxer.hikari.HikariDataSource       : HikariPool-1 - Starting...
2024-12-29T06:52:09.219-08:00  INFO 14729 --- [nobsv2] [main] com.zaxxer.hikari.pool.HikariPool        : HikariPool-1 - Added connection com.mysql.cj.jdbc.ConnectionImpl@6c8efde4
2024-12-29T06:52:09.220-08:00  INFO 14729 --- [nobsv2] [main] com.zaxxer.hikari.HikariDataSource       : HikariPool-1 - Start completed.
2024-12-29T06:52:09.247-08:00  INFO 14729 --- [nobsv2] [main] o.hibernate.jpa.internal.util.LogHelper  : HHH000204: Processing PersistenceUnitInfo [name: default]
2024-12-29T06:52:09.271-08:00  INFO 14729 --- [nobsv2] [main] org.hibernate.Version                    : HHH000412: Hibernate ORM core version 6.6.4.Final
2024-12-29T06:52:09.286-08:00  INFO 14729 --- [nobsv2] [main] o.h.c.internal.RegionFactoryInitiator    : HHH000026: Second-level cache disabled
2024-12-29T06:52:09.414-08:00  INFO 14729 --- [nobsv2] [main] o.s.o.j.p.SpringPersistenceUnitInfo      : No LoadTimeWeaver setup: ignoring JPA class transformer
2024-12-29T06:52:09.469-08:00  INFO 14729 --- [nobsv2] [main] org.hibernate.orm.connections.pooling    : HHH10001005: Database info:
	Database JDBC URL [Connecting through datasource 'HikariDataSource (HikariPool-1)']
	Database driver: undefined/unknown
	Database version: 9.1
	Autocommit mode: undefined/unknown
	Isolation level: undefined/unknown
	Minimum pool size: undefined/unknown
	Maximum pool size: undefined/unknown
2024-12-29T06:52:09.933-08:00  INFO 14729 --- [nobsv2] [main] o.h.e.t.j.p.i.JtaPlatformInitiator       : HHH000489: No JTA platform available (set 'hibernate.transaction.jta.platform' to enable JTA platform integration)
2024-12-29T06:52:09.935-08:00  INFO 14729 --- [nobsv2] [main] j.LocalContainerEntityManagerFactoryBean : Initialized JPA EntityManagerFactory for persistence unit 'default'
2024-12-29T06:52:10.048-08:00  INFO 14729 --- [nobsv2] [main] o.s.d.j.r.query.QueryEnhancerFactory     : Hibernate is in classpath; If applicable, HQL parser will be used.
2024-12-29T06:52:10.375-08:00  WARN 14729 --- [nobsv2] [main] JpaBaseConfiguration$JpaWebConfiguration : spring.jpa.open-in-view is enabled by default. Therefore, database queries may be performed during view rendering. Explicitly configure spring.jpa.open-in-view to disable this warning
2024-12-29T06:52:10.559-08:00  INFO 14729 --- [nobsv2] [main] o.s.b.w.embedded.tomcat.TomcatWebServer  : Tomcat started on port 8080 (http) with context path '/'
2024-12-29T06:52:10.564-08:00  INFO 14729 --- [nobsv2] [main] com.example.nobsv2.Nobsv2Application     : Started Nobsv2Application in 2.549 seconds (process running for 2.946)
2024-12-29T06:52:19.367-08:00  INFO 14729 --- [nobsv2] [http-nio-8080-exec-2] o.a.c.c.C.[Tomcat].[localhost].[/]       : Initializing Spring DispatcherServlet 'dispatcherServlet'
2024-12-29T06:52:19.367-08:00  INFO 14729 --- [nobsv2] [http-nio-8080-exec-2] o.s.web.servlet.DispatcherServlet        : Initializing Servlet 'dispatcherServlet'
2024-12-29T06:52:19.368-08:00  INFO 14729 --- [nobsv2] [http-nio-8080-exec-2] o.s.web.servlet.DispatcherServlet        : Completed initialization in 1 ms
2024-12-29T06:52:19.389-08:00  INFO 14729 --- [nobsv2] [http-nio-8080-exec-2] c.e.n.p.services.GetProductService       : Executingclass com.example.nobsv2.product.services.GetProductService input: 1
2024-12-29T06:52:19.423-08:00 ERROR 14729 --- [nobsv2] [http-nio-8080-exec-2] c.e.n.p.services.GetProductService       : Exceptionclass com.example.nobsv2.exceptions.ProductNotFoundException thrown
